<?xml version="1.0" encoding="UTF-8"?>
<testsuites name="tests" tests="33" errors="0" failures="8">

    <testsuite name="Authentication" tests="3" errors="0" failures="0" skip="0">
        <testcase class="Authentication" name="creates a new user (1)" time="2.381"/>
        <testcase class="Authentication" name="authenticates a valid user (2)" time="2.923"/>
        <testcase class="Authentication" name="returns success for an authenticated user (3)" time="3.463"/>
    </testsuite>
    <testsuite name="Authentication Scheme" tests="1" errors="0" failures="0" skip="0">
        <testcase class="Authentication Scheme" name="returns success for an authenticated user (4)" time="1.708"/>
    </testsuite>
    <testsuite name="Password/PUT /auth/password" tests="1" errors="0" failures="0" skip="0">
        <testcase class="Password/PUT /auth/password" name="succesfully changes a password (5)" time="1.724"/>
    </testsuite>
    <testsuite name="Password/POST /auth/password/reset" tests="1" errors="0" failures="0" skip="0">
        <testcase class="Password/POST /auth/password/reset" name="succesfully obtains token (6)" time="1.163"/>
    </testsuite>
    <testsuite name="Password/PUT /auth/password/reset" tests="1" errors="0" failures="0" skip="0">
        <testcase class="Password/PUT /auth/password/reset" name="succesfully resets password (7)" time="2.246"/>
    </testsuite>
    <testsuite name="AVS/POST /avs" tests="2" errors="0" failures="2" skip="0">
        <testcase class="AVS/POST /avs" name="returns invalid when presented with address missing apartment info (8)" time="21.48">
            <error message="Expected status code 500 to equal 400. /avs returned { statusCode: 500,
  error: 'Internal Server Error',
  message: 'An internal server error occurred',
  pangaeaErrors: 
   [ { code: '502.ADDRESS_VALIDATION.201',
       field: '',
       description: 'PBS service is unavailable: ConnectException invoking http://avs.stg-cdc.ca.services.qa.walmart.com/rest/ValidateAddress/results.json?Data.AddressLine1=1480+64th+St.%26Data.City=Emeryville%26Data.StateProvince=CA%26Data.PostalCode=94608%26Data.Country=USA%26Option.PerformUSProcessing=Y%26Option.Database.US=UAM_USA%26Option.MaximumResults=10%26Option.OutputFormattedOnFail=N%26Option.KeepMultimatch=Y%26Option.OutputFieldLevelReturnCodes=Y: Connection timed out',
       info: 'PBS service is unavailable: ConnectException invoking http://avs.stg-cdc.ca.services.qa.walmart.com/rest/ValidateAddress/results.json?Data.AddressLine1=1480+64th+St.%26Data.City=Emeryville%26Data.StateProvince=CA%26Data.PostalCode=94608%26Data.Country=USA%26Option.PerformUSProcessing=Y%26Option.Database.US=UAM_USA%26Option.MaximumResults=10%26Option.OutputFormattedOnFail=N%26Option.KeepMultimatch=Y%26Option.OutputFieldLevelReturnCodes=Y: Connection timed out',
       severity: 'ERROR',
       category: 'APPLICATION' } ] }">
Expected status code 500 to equal 400. /avs returned { statusCode: 500,
  error: 'Internal Server Error',
  message: 'An internal server error occurred',
  pangaeaErrors: 
   [ { code: '502.ADDRESS_VALIDATION.201',
       field: '',
       description: 'PBS service is unavailable: ConnectException invoking http://avs.stg-cdc.ca.services.qa.walmart.com/rest/ValidateAddress/results.json?Data.AddressLine1=1480+64th+St.%26Data.City=Emeryville%26Data.StateProvince=CA%26Data.PostalCode=94608%26Data.Country=USA%26Option.PerformUSProcessing=Y%26Option.Database.US=UAM_USA%26Option.MaximumResults=10%26Option.OutputFormattedOnFail=N%26Option.KeepMultimatch=Y%26Option.OutputFieldLevelReturnCodes=Y: Connection timed out',
       info: 'PBS service is unavailable: ConnectException invoking http://avs.stg-cdc.ca.services.qa.walmart.com/rest/ValidateAddress/results.json?Data.AddressLine1=1480+64th+St.%26Data.City=Emeryville%26Data.StateProvince=CA%26Data.PostalCode=94608%26Data.Country=USA%26Option.PerformUSProcessing=Y%26Option.Database.US=UAM_USA%26Option.MaximumResults=10%26Option.OutputFormattedOnFail=N%26Option.KeepMultimatch=Y%26Option.OutputFieldLevelReturnCodes=Y: Connection timed out',
       severity: 'ERROR',
       category: 'APPLICATION' } ] }
            </error>
        </testcase>
        <testcase class="AVS/POST /avs" name="returns valid when presented with valid address (9)" time="21.483">
            <error message="expected [Error: Expected 500 to match /2\d\d/">
expected [Error: Expected 500 to match /2\d\d/

	{statusCode:500,error:Internal Server Error,message:An internal server error occurred,pangaeaErrors:[{code:502.ADDRESS_VALIDATION.201,field:,description:PBS service is unavailable: ConnectException invoking http://avs.stg-cdc.ca.services.qa.walmart.com/rest/ValidateAddress/results.json?Data.AddressLine1=420+N+Weber+Rd%26Data.City=romeoville%26Data.StateProvince=IL%26Data.PostalCode=60446-4945%26Data.Country=USA%26Option.PerformUSProcessing=Y%26Option.Database.US=UAM_USA%26Option.MaximumResults=10%26Option.OutputFormattedOnFail=N%26Option.KeepMultimatch=Y%26Option.OutputFieldLevelReturnCodes=Y: Connection timed out,info:PBS service is unavailable: ConnectException invoking http://avs.stg-cdc.ca.services.qa.walmart.com/rest/ValidateAddress/results.json?Data.AddressLine1=420+N+Weber+Rd%26Data.City=romeoville%26Data.StateProvince=IL%26Data.PostalCode=60446-4945%26Data.Country=USA%26Option.PerformUSProcessing=Y%26Option.Database.US=UAM_USA%26Option.MaximumResults=10%26Option.OutputFormattedOnFail=N%26Option.KeepMultimatch=Y%26Option.OutputFieldLevelReturnCodes=Y: Connection timed out,severity:ERROR,category:APPLICATION}]}] to not exist
            </error>
        </testcase>
    </testsuite>
    <testsuite name="Cart" tests="1" errors="0" failures="0" skip="0">
        <testcase class="Cart" name="creates new cart (10)" time="2.684"/>
    </testsuite>
    <testsuite name="Customer/GET /customer/{customerId}" tests="1" errors="0" failures="1" skip="0">
        <testcase class="Customer/GET /customer/{customerId}" name="gets a customer (11)" time="2.079">
            <error message="Expected status code 500 to equal 200. /customer/a5dcb2a5-e1cf-438d-b189-718c3d228dd5 returned { statusCode: 500,
  error: 'Internal Server Error',
  message: 'An internal server error occurred' }">
Expected status code 500 to equal 200. /customer/a5dcb2a5-e1cf-438d-b189-718c3d228dd5 returned { statusCode: 500,
  error: 'Internal Server Error',
  message: 'An internal server error occurred' }
            </error>
        </testcase>
    </testsuite>
    <testsuite name="Customer/PUT /customer/{customerId}" tests="1" errors="0" failures="0" skip="0">
        <testcase class="Customer/PUT /customer/{customerId}" name="successfully updates a customer (12)" time="4.271"/>
    </testsuite>
    <testsuite name="Customer/POST /customer/{customerId}/associate-discount" tests="1" errors="0" failures="0" skip="0">
        <testcase class="Customer/POST /customer/{customerId}/associate-discount" name="returns true for valid associate discount (13)" time="2.307"/>
    </testsuite>
    <testsuite name="Customer/DELETE /customer/{customerId}/associate-discount" tests="1" errors="0" failures="1" skip="0">
        <testcase class="Customer/DELETE /customer/{customerId}/associate-discount" name="removes associate discount (14)" time="0.339">
            <error message="Expected status code 400 to equal 200. /customer/undefined/associate-discount returned { statusCode: 400,
  error: 'Bad Request',
  message: 'customerId must be a valid GUID',
  validation: { source: 'params', keys: [ 'customerId' ] } }">
Expected status code 400 to equal 200. /customer/undefined/associate-discount returned { statusCode: 400,
  error: 'Bad Request',
  message: 'customerId must be a valid GUID',
  validation: { source: 'params', keys: [ 'customerId' ] } }
            </error>
        </testcase>
    </testsuite>
    <testsuite name="Customer/#retrieveCustomer" tests="1" errors="0" failures="0" skip="0">
        <testcase class="Customer/#retrieveCustomer" name="returns customer information (15)" time="2.202"/>
    </testsuite>
    <testsuite name="Customer/#retrieveByEmail" tests="1" errors="0" failures="1" skip="0">
        <testcase class="Customer/#retrieveByEmail" name="returns customer information (16)" time="1.16">
            <error message="expected 'e34a2778-eb45-46a1-b0bc-5435fd4fdeca' to equal undefined">
expected 'e34a2778-eb45-46a1-b0bc-5435fd4fdeca' to equal undefined
            </error>
        </testcase>
    </testsuite>
    <testsuite name="Customer Credit Card/GET /customer/{customerId}/credit-card/{creditCardId}" tests="1" errors="0" failures="1" skip="0">
        <testcase class="Customer Credit Card/GET /customer/{customerId}/credit-card/{creditCardId}" name="gets a credit card preference for a customer (17)" time="1.853">
            <error message="Cannot read property 'res' of undefined">
Cannot read property 'res' of undefined
            </error>
        </testcase>
    </testsuite>
    <testsuite name="Customer Credit Card/PUT /customer/{customerId}/credit-card/{creditCardId}" tests="1" errors="0" failures="1" skip="0">
        <testcase class="Customer Credit Card/PUT /customer/{customerId}/credit-card/{creditCardId}" name="updates a credit card entry for a customer (18)" time="3.23">
            <error message="Cannot read property 'res' of undefined">
Cannot read property 'res' of undefined
            </error>
        </testcase>
    </testsuite>
    <testsuite name="Customer Credit Card/DELETE /customer/{customerId}/credit-card/{creditCardId}" tests="1" errors="0" failures="1" skip="0">
        <testcase class="Customer Credit Card/DELETE /customer/{customerId}/credit-card/{creditCardId}" name="deletes a credit card entry for a customer (19)" time="0.331">
            <error message="Cannot read property 'res' of undefined">
Cannot read property 'res' of undefined
            </error>
        </testcase>
    </testsuite>
    <testsuite name="Customer Credit Card/#createPayment" tests="1" errors="0" failures="0" skip="0">
        <testcase class="Customer Credit Card/#createPayment" name="Adds credit card via exposed function (20)" time="3.396"/>
    </testsuite>
    <testsuite name="Customer Gift Card/GET /customer/{customerId}/gift-card/{giftCardId}" tests="1" errors="0" failures="0" skip="0">
        <testcase class="Customer Gift Card/GET /customer/{customerId}/gift-card/{giftCardId}" name="gets a gift card preference for a customer (21)" time="5.638"/>
    </testsuite>
    <testsuite name="Customer Gift Card/DELETE /customer/{customerId}/gift-card/{giftCardId}" tests="1" errors="0" failures="0" skip="0">
        <testcase class="Customer Gift Card/DELETE /customer/{customerId}/gift-card/{giftCardId}" name="deletes a gift card entry for a customer (22)" time="7.237"/>
    </testsuite>
    <testsuite name="Group Read Service" tests="2" errors="0" failures="0" skip="0">
        <testcase class="Group Read Service" name="gets eligible care plans for an item by USItemId (23)" time="2.895"/>
        <testcase class="Group Read Service" name="gets eligible care plans for an item by product Id (24)" time="2.896"/>
    </testsuite>
    <testsuite name="Payments" tests="7" errors="0" failures="0" skip="0">
        <testcase class="Payments" name="generates a cleartext piHash for a credit card (25)" time="0.948"/>
        <testcase class="Payments" name="returns with an error when the encrypted request is bad (26)" time="0.97"/>
        <testcase class="Payments" name="returns with an error when the cleartext request is bad (27)" time="1.134"/>
        <testcase class="Payments" name="generates an encrypted piHash for a credit card (28)" time="1.15"/>
        <testcase class="Payments" name="successfully adds money to a gift card (29)" time="2.566"/>
        <testcase class="Payments" name="gets a balance for a gift card (30)" time="3.337"/>
        <testcase class="Payments" name="rejects an invalid pin while attempting to add money to gift card (31)" time="4.248"/>
    </testsuite>
    <testsuite name="Prepare Server" tests="2" errors="0" failures="0" skip="0">
        <testcase class="Prepare Server" name="mock is enabled (32)" time="0.081"/>
        <testcase class="Prepare Server" name="mock is set according to environment variable (33)" time="0.133"/>
    </testsuite>
</testsuites>
